Rating Snapshot= 1000209, 24
+-------+--------+------+
|user_id|movie_id|rating|
+-------+--------+------+
|1      |1193    |5.0   |
|1      |661     |3.0   |
|1      |914     |3.0   |
|1      |3408    |4.0   |
|1      |2355    |5.0   |
|1      |1197    |3.0   |
|1      |1287    |5.0   |
|1      |2804    |5.0   |
|1      |594     |4.0   |
|1      |919     |4.0   |
+-------+--------+------+
only showing top 10 rows

training count=799498
validation count=100403
test count=100308
TOTAL COUNT=1000209

The baseline rmse= 1.12.

The best model was trained with param = {
	als_0e459a1a6542-maxIter: 20,
	als_0e459a1a6542-rank: 12,
	als_0e459a1a6542-regParam: 0.1
}

The RMSE of the bestModel on test set is 0.86, which is 22.82% over baseline.
+--------+-------+----------+
|movie_id|user_id|prediction|
+--------+-------+----------+
|572     |0      |5.846446  |
|3233    |0      |5.329516  |
|3245    |0      |4.9890447 |
|318     |0      |4.974785  |
|53      |0      |4.895218  |
|1741    |0      |4.8848286 |
|953     |0      |4.884011  |
|3517    |0      |4.879026  |
|2324    |0      |4.8732615 |
|1949    |0      |4.8420196 |
|1207    |0      |4.83848   |
|128     |0      |4.8182845 |
|904     |0      |4.7963657 |
|1851    |0      |4.7897983 |
|1250    |0      |4.7883086 |
|1204    |0      |4.779291  |
|3350    |0      |4.7716703 |
|3469    |0      |4.762243  |
|1193    |0      |4.761278  |
|2762    |0      |4.7541265 |
|678     |0      |4.752659  |
|2067    |0      |4.75112   |
|912     |0      |4.748723  |
|858     |0      |4.739728  |
|2609    |0      |4.7348742 |
|908     |0      |4.7348323 |
|905     |0      |4.7288404 |
|954     |0      |4.721521  |
|2028    |0      |4.7205944 |
|2905    |0      |4.718898  |
|116     |0      |4.713696  |
|3746    |0      |4.712022  |
|1299    |0      |4.7109203 |
|745     |0      |4.710138  |
|1172    |0      |4.7065406 |
|919     |0      |4.700039  |
|2357    |0      |4.6959987 |
|1293    |0      |4.694266  |
|1545    |0      |4.691904  |
|2019    |0      |4.6910796 |
|1203    |0      |4.689316  |
|213     |0      |4.6891294 |
|1262    |0      |4.687851  |
|3801    |0      |4.685667  |
|50      |0      |4.684694  |
|73      |0      |4.678048  |
|1132    |0      |4.6680093 |
|1225    |0      |4.6598287 |
|3095    |0      |4.6558743 |
|2129    |0      |4.652186  |
+--------+-------+----------+
only showing top 50 rows

Execution time= 113.333 seconds
Execution time= 118.247 seconds, including write to Mongo.
